[      93ms] [ERROR] Failed to load resource: the server responded with a status of 500 () @ https://akademo-api.alexxvives.workers.dev/classes:0
[     165ms] [ERROR] Failed to load resource: the server responded with a status of 404 () @ https://akademo-api.alexxvives.workers.dev/favicon.ico:0
[   10471ms] [ERROR] Failed to load resource: the server responded with a status of 500 () @ https://akademo-api.alexxvives.workers.dev/classes:0
[   10499ms] [ERROR] Failed to load resource: the server responded with a status of 404 () @ https://akademo-api.alexxvives.workers.dev/students:0
[   10524ms] [ERROR] Failed to load resource: the server responded with a status of 500 () @ https://akademo-api.alexxvives.workers.dev/lessons:0
[   10552ms] [ERROR] Failed to load resource: the server responded with a status of 404 () @ https://akademo-api.alexxvives.workers.dev/notifications:0
[   10580ms] [ERROR] Failed to load resource: the server responded with a status of 500 () @ https://akademo-api.alexxvives.workers.dev/payments/my-payments:0
[   10615ms] [ERROR] Failed to load resource: the server responded with a status of 404 () @ https://akademo-api.alexxvives.workers.dev/analytics/dashboard:0
[   10641ms] [ERROR] Failed to load resource: the server responded with a status of 500 () @ https://akademo-api.alexxvives.workers.dev/live:0
[   10669ms] [ERROR] Failed to load resource: the server responded with a status of 500 () @ https://akademo-api.alexxvives.workers.dev/documents?classId=test:0
[   10702ms] [ERROR] Failed to load resource: the server responded with a status of 500 () @ https://akademo-api.alexxvives.workers.dev/storage/upload/test:0
[  457456ms] [ERROR] Failed to load resource: the server responded with a status of 401 () @ https://akademo-api.alexxvives.workers.dev/classes:0
[  457481ms] [ERROR] Failed to load resource: the server responded with a status of 404 () @ https://akademo-api.alexxvives.workers.dev/students:0
[  457508ms] [ERROR] Failed to load resource: the server responded with a status of 401 () @ https://akademo-api.alexxvives.workers.dev/lessons:0
[  457533ms] [ERROR] Failed to load resource: the server responded with a status of 401 () @ https://akademo-api.alexxvives.workers.dev/payments/my-payments:0
[  457561ms] [ERROR] Failed to load resource: the server responded with a status of 404 () @ https://akademo-api.alexxvives.workers.dev/analytics/dashboard:0
[  457593ms] [ERROR] Failed to load resource: the server responded with a status of 401 () @ https://akademo-api.alexxvives.workers.dev/live:0
[  457619ms] [ERROR] Failed to load resource: the server responded with a status of 401 () @ https://akademo-api.alexxvives.workers.dev/documents?classId=test:0
[  457644ms] [ERROR] Failed to load resource: the server responded with a status of 401 () @ https://akademo-api.alexxvives.workers.dev/storage/upload/test:0
[  472523ms] [ERROR] Failed to load resource: the server responded with a status of 400 () @ https://akademo-api.alexxvives.workers.dev/payments/initiate:0
[  472546ms] [ERROR] Failed to load resource: the server responded with a status of 401 () @ https://akademo-api.alexxvives.workers.dev/payments/stripe-session:0
[  472566ms] [ERROR] Failed to load resource: the server responded with a status of 401 () @ https://akademo-api.alexxvives.workers.dev/payments/stripe-connect:0
[  472595ms] [ERROR] Failed to load resource: the server responded with a status of 400 () @ https://akademo-api.alexxvives.workers.dev/classes:0
[  472621ms] [ERROR] Failed to load resource: the server responded with a status of 404 () @ https://akademo-api.alexxvives.workers.dev/lessons:0
[  472643ms] [ERROR] Failed to load resource: the server responded with a status of 401 () @ https://akademo-api.alexxvives.workers.dev/live:0
[  472676ms] [ERROR] Failed to load resource: the server responded with a status of 400 () @ https://akademo-api.alexxvives.workers.dev/assignments:0
[  472704ms] [ERROR] Failed to load resource: the server responded with a status of 401 () @ https://akademo-api.alexxvives.workers.dev/classes/test:0
[  472727ms] [ERROR] Failed to load resource: the server responded with a status of 401 () @ https://akademo-api.alexxvives.workers.dev/lessons/test:0
[  472757ms] [ERROR] Failed to load resource: the server responded with a status of 401 () @ https://akademo-api.alexxvives.workers.dev/live/test:0
[  472781ms] [ERROR] Failed to load resource: the server responded with a status of 401 () @ https://akademo-api.alexxvives.workers.dev/students/test/warn:0
[  472805ms] [ERROR] Failed to load resource: the server responded with a status of 401 () @ https://akademo-api.alexxvives.workers.dev/classes/test:0
[  472828ms] [ERROR] Failed to load resource: the server responded with a status of 404 () @ https://akademo-api.alexxvives.workers.dev/admin/users:0
[  472855ms] [ERROR] Failed to load resource: the server responded with a status of 401 () @ https://akademo-api.alexxvives.workers.dev/admin/academies:0
[  487710ms] [ERROR] Failed to load resource: the server responded with a status of 400 () @ https://akademo-api.alexxvives.workers.dev/payments/initiate:0
[  487737ms] [ERROR] Failed to load resource: the server responded with a status of 400 () @ https://akademo-api.alexxvives.workers.dev/classes:0
[  487756ms] [ERROR] Failed to load resource: the server responded with a status of 400 () @ https://akademo-api.alexxvives.workers.dev/assignments:0
[  487906ms] [ERROR] Failed to load resource: the server responded with a status of 404 () @ https://akademo-api.alexxvives.workers.dev/explore/classes:0
[  747328ms] [ERROR] Failed to load resource: the server responded with a status of 401 () @ https://akademo-api.alexxvives.workers.dev/payments/initiate:0
[  747359ms] [ERROR] Failed to load resource: the server responded with a status of 401 () @ https://akademo-api.alexxvives.workers.dev/classes:0
[  747395ms] [ERROR] Failed to load resource: the server responded with a status of 401 () @ https://akademo-api.alexxvives.workers.dev/assignments:0
